<?xml version="1.0" encoding="UTF-8"?>
<testng-results skipped="0" failed="0" total="1" passed="1">
  <reporter-output>
  </reporter-output>
  <suite name="Default Suite" duration-ms="21995" started-at="2020-05-06T09:29:42Z" finished-at="2020-05-06T09:30:04Z">
    <groups>
    </groups>
    <test name="test" duration-ms="21995" started-at="2020-05-06T09:29:42Z" finished-at="2020-05-06T09:30:04Z">
      <class name="page.baidu.index">
        <test-method status="PASS" signature="baidu()[pri:0, instance:page.baidu.index@4cdbe50f]" name="baidu" duration-ms="21972" started-at="2020-05-06T17:29:42Z" description="测试" finished-at="2020-05-06T17:30:04Z">
          <reporter-output>
          </reporter-output>
        </test-method> <!-- baidu -->
      </class> <!-- page.baidu.index -->
    </test> <!-- test -->
  </suite> <!-- Default Suite -->
</testng-results>
